2024-05-22 17:06:57,263 simpleExample   DEBUG    MainProcess debug message
2024-05-22 17:06:57,263 simpleExample   INFO     MainProcess info message
2024-05-22 17:06:57,263 simpleExample   WARNING  MainProcess warn message
2024-05-22 17:06:57,263 simpleExample   ERROR    MainProcess error message
2024-05-22 17:06:57,264 simpleExample   CRITICAL MainProcess critical message
2024-05-22 17:07:02,264 simpleExample   DEBUG    MainProcess debug message
2024-05-22 17:07:02,264 simpleExample   INFO     MainProcess info message
2024-05-22 17:07:02,264 simpleExample   WARNING  MainProcess warn message
2024-05-22 17:07:02,264 simpleExample   ERROR    MainProcess error message
2024-05-22 17:07:02,264 simpleExample   CRITICAL MainProcess critical message
2024-05-22 17:07:07,264 simpleExample   DEBUG    MainProcess debug message
2024-05-22 17:07:07,264 simpleExample   INFO     MainProcess info message
2024-05-22 17:07:07,265 simpleExample   WARNING  MainProcess warn message
2024-05-22 17:07:07,265 simpleExample   ERROR    MainProcess error message
2024-05-22 17:07:07,265 simpleExample   CRITICAL MainProcess critical message
2024-05-22 17:07:12,265 simpleExample   DEBUG    MainProcess debug message
2024-05-22 17:07:12,265 simpleExample   INFO     MainProcess info message
2024-05-22 17:07:12,265 simpleExample   WARNING  MainProcess warn message
2024-05-22 17:07:12,265 simpleExample   ERROR    MainProcess error message
2024-05-22 17:07:12,265 simpleExample   CRITICAL MainProcess critical message
2024-05-22 17:07:17,266 simpleExample   DEBUG    MainProcess debug message
2024-05-22 17:07:17,266 simpleExample   INFO     MainProcess info message
2024-05-22 17:07:17,266 simpleExample   WARNING  MainProcess warn message
2024-05-22 17:07:17,266 simpleExample   ERROR    MainProcess error message
2024-05-22 17:07:17,267 simpleExample   CRITICAL MainProcess critical message
2024-05-22 17:07:22,267 simpleExample   DEBUG    MainProcess debug message
2024-05-22 17:07:22,267 simpleExample   INFO     MainProcess info message
2024-05-22 17:07:22,267 simpleExample   WARNING  MainProcess warn message
2024-05-22 17:07:22,267 simpleExample   ERROR    MainProcess error message
2024-05-22 17:07:22,267 simpleExample   CRITICAL MainProcess critical message
2024-05-22 17:07:27,267 simpleExample   DEBUG    MainProcess debug message
2024-05-22 17:07:27,267 simpleExample   INFO     MainProcess info message
2024-05-22 17:07:27,268 simpleExample   WARNING  MainProcess warn message
2024-05-22 17:07:27,268 simpleExample   ERROR    MainProcess error message
2024-05-22 17:07:27,268 simpleExample   CRITICAL MainProcess critical message
2024-05-22 17:07:32,268 simpleExample   DEBUG    MainProcess debug message
2024-05-22 17:07:32,268 simpleExample   INFO     MainProcess info message
2024-05-22 17:07:32,268 simpleExample   WARNING  MainProcess warn message
2024-05-22 17:07:32,269 simpleExample   ERROR    MainProcess error message
2024-05-22 17:07:32,269 simpleExample   CRITICAL MainProcess critical message
2024-05-22 17:07:37,269 simpleExample   DEBUG    MainProcess debug message
2024-05-22 17:07:37,269 simpleExample   INFO     MainProcess info message
2024-05-22 17:07:37,269 simpleExample   WARNING  MainProcess warn message
2024-05-22 17:07:37,269 simpleExample   ERROR    MainProcess error message
2024-05-22 17:07:37,270 simpleExample   CRITICAL MainProcess critical message
2024-05-22 17:07:42,270 simpleExample   DEBUG    MainProcess debug message
2024-05-22 17:07:42,270 simpleExample   INFO     MainProcess info message
2024-05-22 17:07:42,270 simpleExample   WARNING  MainProcess warn message
2024-05-22 17:07:42,270 simpleExample   ERROR    MainProcess error message
2024-05-22 17:07:42,270 simpleExample   CRITICAL MainProcess critical message
2024-05-22 17:07:47,271 simpleExample   DEBUG    MainProcess debug message
2024-05-22 17:07:47,271 simpleExample   INFO     MainProcess info message
2024-05-22 17:07:47,271 simpleExample   WARNING  MainProcess warn message
2024-05-22 17:07:47,271 simpleExample   ERROR    MainProcess error message
2024-05-22 17:07:47,271 simpleExample   CRITICAL MainProcess critical message
2024-05-22 17:07:52,271 simpleExample   DEBUG    MainProcess debug message
2024-05-22 17:07:52,272 simpleExample   INFO     MainProcess info message
2024-05-22 17:07:52,272 simpleExample   WARNING  MainProcess warn message
2024-05-22 17:07:52,272 simpleExample   ERROR    MainProcess error message
2024-05-22 17:07:52,272 simpleExample   CRITICAL MainProcess critical message
2024-05-22 17:07:57,272 simpleExample   DEBUG    MainProcess debug message
2024-05-22 17:07:57,272 simpleExample   INFO     MainProcess info message
2024-05-22 17:07:57,272 simpleExample   WARNING  MainProcess warn message
2024-05-22 17:07:57,272 simpleExample   ERROR    MainProcess error message
2024-05-22 17:07:57,273 simpleExample   CRITICAL MainProcess critical message
2024-05-22 17:08:02,273 simpleExample   DEBUG    MainProcess debug message
2024-05-22 17:08:02,273 simpleExample   INFO     MainProcess info message
2024-05-22 17:08:02,273 simpleExample   WARNING  MainProcess warn message
2024-05-22 17:08:02,273 simpleExample   ERROR    MainProcess error message
2024-05-22 17:08:02,273 simpleExample   CRITICAL MainProcess critical message
2024-05-22 17:08:07,274 simpleExample   DEBUG    MainProcess debug message
2024-05-22 17:08:07,274 simpleExample   INFO     MainProcess info message
2024-05-22 17:08:07,274 simpleExample   WARNING  MainProcess warn message
2024-05-22 17:08:07,274 simpleExample   ERROR    MainProcess error message
2024-05-22 17:08:07,274 simpleExample   CRITICAL MainProcess critical message
2024-05-22 17:08:12,275 simpleExample   DEBUG    MainProcess debug message
2024-05-22 17:08:12,275 simpleExample   INFO     MainProcess info message
2024-05-22 17:08:12,275 simpleExample   WARNING  MainProcess warn message
2024-05-22 17:08:12,275 simpleExample   ERROR    MainProcess error message
2024-05-22 17:08:12,275 simpleExample   CRITICAL MainProcess critical message
2024-05-22 17:08:17,276 simpleExample   DEBUG    MainProcess debug message
2024-05-22 17:08:17,276 simpleExample   INFO     MainProcess info message
2024-05-22 17:08:17,276 simpleExample   WARNING  MainProcess warn message
2024-05-22 17:08:17,276 simpleExample   ERROR    MainProcess error message
2024-05-22 17:08:17,276 simpleExample   CRITICAL MainProcess critical message
2024-05-22 17:08:22,276 simpleExample   DEBUG    MainProcess debug message
2024-05-22 17:08:22,276 simpleExample   INFO     MainProcess info message
2024-05-22 17:08:22,276 simpleExample   WARNING  MainProcess warn message
2024-05-22 17:08:22,276 simpleExample   ERROR    MainProcess error message
2024-05-22 17:08:22,276 simpleExample   CRITICAL MainProcess critical message
2024-05-22 17:08:27,277 simpleExample   DEBUG    MainProcess debug message
2024-05-22 17:08:27,277 simpleExample   INFO     MainProcess info message
2024-05-22 17:08:27,277 simpleExample   WARNING  MainProcess warn message
2024-05-22 17:08:27,277 simpleExample   ERROR    MainProcess error message
2024-05-22 17:08:27,277 simpleExample   CRITICAL MainProcess critical message
2024-05-22 17:08:32,278 simpleExample   DEBUG    MainProcess debug message
2024-05-22 17:08:32,278 simpleExample   INFO     MainProcess info message
2024-05-22 17:08:32,278 simpleExample   WARNING  MainProcess warn message
2024-05-22 17:08:32,278 simpleExample   ERROR    MainProcess error message
2024-05-22 17:08:32,278 simpleExample   CRITICAL MainProcess critical message
2024-05-22 17:08:37,278 simpleExample   DEBUG    MainProcess debug message
2024-05-22 17:08:37,278 simpleExample   INFO     MainProcess info message
2024-05-22 17:08:37,278 simpleExample   WARNING  MainProcess warn message
2024-05-22 17:08:37,279 simpleExample   ERROR    MainProcess error message
2024-05-22 17:08:37,279 simpleExample   CRITICAL MainProcess critical message
2024-05-22 17:08:42,279 simpleExample   DEBUG    MainProcess debug message
2024-05-22 17:08:42,279 simpleExample   INFO     MainProcess info message
2024-05-22 17:08:42,279 simpleExample   WARNING  MainProcess warn message
2024-05-22 17:08:42,279 simpleExample   ERROR    MainProcess error message
2024-05-22 17:08:42,279 simpleExample   CRITICAL MainProcess critical message
2024-05-22 17:08:47,280 simpleExample   DEBUG    MainProcess debug message
2024-05-22 17:08:47,280 simpleExample   INFO     MainProcess info message
2024-05-22 17:08:47,280 simpleExample   WARNING  MainProcess warn message
2024-05-22 17:08:47,280 simpleExample   ERROR    MainProcess error message
2024-05-22 17:08:47,281 simpleExample   CRITICAL MainProcess critical message
2024-05-22 17:08:52,281 simpleExample   DEBUG    MainProcess debug message
2024-05-22 17:08:52,281 simpleExample   INFO     MainProcess info message
2024-05-22 17:08:52,281 simpleExample   WARNING  MainProcess warn message
2024-05-22 17:08:52,281 simpleExample   ERROR    MainProcess error message
2024-05-22 17:08:52,281 simpleExample   CRITICAL MainProcess critical message
2024-05-22 17:08:57,282 simpleExample   DEBUG    MainProcess debug message
2024-05-22 17:08:57,282 simpleExample   INFO     MainProcess info message
2024-05-22 17:08:57,282 simpleExample   WARNING  MainProcess warn message
2024-05-22 17:08:57,282 simpleExample   ERROR    MainProcess error message
2024-05-22 17:08:57,282 simpleExample   CRITICAL MainProcess critical message
2024-05-22 17:09:02,282 simpleExample   DEBUG    MainProcess debug message
2024-05-22 17:09:02,283 simpleExample   INFO     MainProcess info message
2024-05-22 17:09:02,283 simpleExample   WARNING  MainProcess warn message
2024-05-22 17:09:02,283 simpleExample   ERROR    MainProcess error message
2024-05-22 17:09:02,283 simpleExample   CRITICAL MainProcess critical message
2024-05-22 17:09:07,283 simpleExample   DEBUG    MainProcess debug message
2024-05-22 17:09:07,283 simpleExample   INFO     MainProcess info message
2024-05-22 17:09:07,284 simpleExample   WARNING  MainProcess warn message
2024-05-22 17:09:07,284 simpleExample   ERROR    MainProcess error message
2024-05-22 17:09:07,284 simpleExample   CRITICAL MainProcess critical message
2024-05-22 17:09:12,284 simpleExample   DEBUG    MainProcess debug message
2024-05-22 17:09:12,284 simpleExample   INFO     MainProcess info message
2024-05-22 17:09:12,284 simpleExample   WARNING  MainProcess warn message
2024-05-22 17:09:12,284 simpleExample   ERROR    MainProcess error message
2024-05-22 17:09:12,284 simpleExample   CRITICAL MainProcess critical message
2024-05-22 17:09:17,285 simpleExample   DEBUG    MainProcess debug message
2024-05-22 17:09:17,285 simpleExample   INFO     MainProcess info message
2024-05-22 17:09:17,285 simpleExample   WARNING  MainProcess warn message
2024-05-22 17:09:17,285 simpleExample   ERROR    MainProcess error message
2024-05-22 17:09:17,285 simpleExample   CRITICAL MainProcess critical message
2024-05-22 17:09:22,285 simpleExample   DEBUG    MainProcess debug message
2024-05-22 17:09:22,285 simpleExample   INFO     MainProcess info message
2024-05-22 17:09:22,285 simpleExample   WARNING  MainProcess warn message
2024-05-22 17:09:22,286 simpleExample   ERROR    MainProcess error message
2024-05-22 17:09:22,286 simpleExample   CRITICAL MainProcess critical message
2024-05-22 17:09:27,286 simpleExample   DEBUG    MainProcess debug message
2024-05-22 17:09:27,286 simpleExample   INFO     MainProcess info message
2024-05-22 17:09:27,286 simpleExample   WARNING  MainProcess warn message
2024-05-22 17:09:27,286 simpleExample   ERROR    MainProcess error message
2024-05-22 17:09:27,286 simpleExample   CRITICAL MainProcess critical message
2024-05-22 17:09:32,287 simpleExample   DEBUG    MainProcess debug message
2024-05-22 17:09:32,287 simpleExample   INFO     MainProcess info message
2024-05-22 17:09:32,287 simpleExample   WARNING  MainProcess warn message
2024-05-22 17:09:32,287 simpleExample   ERROR    MainProcess error message
2024-05-22 17:09:32,287 simpleExample   CRITICAL MainProcess critical message
2024-05-22 17:09:37,287 simpleExample   DEBUG    MainProcess debug message
2024-05-22 17:09:37,287 simpleExample   INFO     MainProcess info message
2024-05-22 17:09:37,288 simpleExample   WARNING  MainProcess warn message
2024-05-22 17:09:37,288 simpleExample   ERROR    MainProcess error message
2024-05-22 17:09:37,288 simpleExample   CRITICAL MainProcess critical message
2024-05-22 17:09:42,288 simpleExample   DEBUG    MainProcess debug message
2024-05-22 17:09:42,288 simpleExample   INFO     MainProcess info message
2024-05-22 17:09:42,288 simpleExample   WARNING  MainProcess warn message
2024-05-22 17:09:42,288 simpleExample   ERROR    MainProcess error message
2024-05-22 17:09:42,289 simpleExample   CRITICAL MainProcess critical message
2024-05-22 17:09:47,289 simpleExample   DEBUG    MainProcess debug message
2024-05-22 17:09:47,289 simpleExample   INFO     MainProcess info message
2024-05-22 17:09:47,289 simpleExample   WARNING  MainProcess warn message
2024-05-22 17:09:47,289 simpleExample   ERROR    MainProcess error message
2024-05-22 17:09:47,290 simpleExample   CRITICAL MainProcess critical message
2024-05-22 17:09:52,290 simpleExample   DEBUG    MainProcess debug message
2024-05-22 17:09:52,290 simpleExample   INFO     MainProcess info message
2024-05-22 17:09:52,290 simpleExample   WARNING  MainProcess warn message
2024-05-22 17:09:52,290 simpleExample   ERROR    MainProcess error message
2024-05-22 17:09:52,290 simpleExample   CRITICAL MainProcess critical message
2024-05-22 17:09:57,290 simpleExample   DEBUG    MainProcess debug message
2024-05-22 17:09:57,291 simpleExample   INFO     MainProcess info message
2024-05-22 17:09:57,291 simpleExample   WARNING  MainProcess warn message
2024-05-22 17:09:57,291 simpleExample   ERROR    MainProcess error message
2024-05-22 17:09:57,291 simpleExample   CRITICAL MainProcess critical message
2024-05-22 17:10:02,291 simpleExample   DEBUG    MainProcess debug message
2024-05-22 17:10:02,291 simpleExample   INFO     MainProcess info message
2024-05-22 17:10:02,291 simpleExample   WARNING  MainProcess warn message
2024-05-22 17:10:02,292 simpleExample   ERROR    MainProcess error message
2024-05-22 17:10:02,292 simpleExample   CRITICAL MainProcess critical message
2024-05-22 17:10:07,292 simpleExample   DEBUG    MainProcess debug message
2024-05-22 17:10:07,292 simpleExample   INFO     MainProcess info message
2024-05-22 17:10:07,292 simpleExample   WARNING  MainProcess warn message
2024-05-22 17:10:07,292 simpleExample   ERROR    MainProcess error message
2024-05-22 17:10:07,292 simpleExample   CRITICAL MainProcess critical message
2024-05-22 17:10:12,293 simpleExample   DEBUG    MainProcess debug message
2024-05-22 17:10:12,293 simpleExample   INFO     MainProcess info message
2024-05-22 17:10:12,293 simpleExample   WARNING  MainProcess warn message
2024-05-22 17:10:12,293 simpleExample   ERROR    MainProcess error message
2024-05-22 17:10:12,293 simpleExample   CRITICAL MainProcess critical message
2024-05-22 17:10:17,293 simpleExample   DEBUG    MainProcess debug message
2024-05-22 17:10:17,293 simpleExample   INFO     MainProcess info message
2024-05-22 17:10:17,293 simpleExample   WARNING  MainProcess warn message
2024-05-22 17:10:17,294 simpleExample   ERROR    MainProcess error message
2024-05-22 17:10:17,294 simpleExample   CRITICAL MainProcess critical message
2024-05-22 17:10:22,294 simpleExample   DEBUG    MainProcess debug message
2024-05-22 17:10:22,294 simpleExample   INFO     MainProcess info message
2024-05-22 17:10:22,294 simpleExample   WARNING  MainProcess warn message
2024-05-22 17:10:22,294 simpleExample   ERROR    MainProcess error message
2024-05-22 17:10:22,294 simpleExample   CRITICAL MainProcess critical message
2024-05-22 17:10:27,294 simpleExample   DEBUG    MainProcess debug message
2024-05-22 17:10:27,295 simpleExample   INFO     MainProcess info message
2024-05-22 17:10:27,295 simpleExample   WARNING  MainProcess warn message
2024-05-22 17:10:27,295 simpleExample   ERROR    MainProcess error message
2024-05-22 17:10:27,295 simpleExample   CRITICAL MainProcess critical message
2024-05-22 17:10:32,295 simpleExample   DEBUG    MainProcess debug message
2024-05-22 17:10:32,296 simpleExample   INFO     MainProcess info message
2024-05-22 17:10:32,296 simpleExample   WARNING  MainProcess warn message
2024-05-22 17:10:32,296 simpleExample   ERROR    MainProcess error message
2024-05-22 17:10:32,296 simpleExample   CRITICAL MainProcess critical message
2024-05-22 17:10:37,296 simpleExample   DEBUG    MainProcess debug message
2024-05-22 17:10:37,297 simpleExample   INFO     MainProcess info message
2024-05-22 17:10:37,297 simpleExample   WARNING  MainProcess warn message
2024-05-22 17:10:37,297 simpleExample   ERROR    MainProcess error message
2024-05-22 17:10:37,297 simpleExample   CRITICAL MainProcess critical message
2024-05-22 17:10:42,297 simpleExample   DEBUG    MainProcess debug message
2024-05-22 17:10:42,297 simpleExample   INFO     MainProcess info message
2024-05-22 17:10:42,297 simpleExample   WARNING  MainProcess warn message
2024-05-22 17:10:42,297 simpleExample   ERROR    MainProcess error message
2024-05-22 17:10:42,297 simpleExample   CRITICAL MainProcess critical message
2024-05-22 17:10:47,298 simpleExample   DEBUG    MainProcess debug message
2024-05-22 17:10:47,298 simpleExample   INFO     MainProcess info message
2024-05-22 17:10:47,298 simpleExample   WARNING  MainProcess warn message
2024-05-22 17:10:47,298 simpleExample   ERROR    MainProcess error message
2024-05-22 17:10:47,298 simpleExample   CRITICAL MainProcess critical message
2024-05-22 17:10:52,298 simpleExample   DEBUG    MainProcess debug message
2024-05-22 17:10:52,299 simpleExample   INFO     MainProcess info message
2024-05-22 17:10:52,299 simpleExample   WARNING  MainProcess warn message
2024-05-22 17:10:52,299 simpleExample   ERROR    MainProcess error message
2024-05-22 17:10:52,299 simpleExample   CRITICAL MainProcess critical message
2024-05-22 17:10:57,299 simpleExample   DEBUG    MainProcess debug message
2024-05-22 17:10:57,299 simpleExample   INFO     MainProcess info message
2024-05-22 17:10:57,299 simpleExample   WARNING  MainProcess warn message
2024-05-22 17:10:57,299 simpleExample   ERROR    MainProcess error message
2024-05-22 17:10:57,300 simpleExample   CRITICAL MainProcess critical message
2024-05-22 17:11:02,300 simpleExample   DEBUG    MainProcess debug message
2024-05-22 17:11:02,300 simpleExample   INFO     MainProcess info message
2024-05-22 17:11:02,300 simpleExample   WARNING  MainProcess warn message
2024-05-22 17:11:02,300 simpleExample   ERROR    MainProcess error message
2024-05-22 17:11:02,300 simpleExample   CRITICAL MainProcess critical message
2024-05-22 17:11:07,300 simpleExample   DEBUG    MainProcess debug message
2024-05-22 17:11:07,301 simpleExample   INFO     MainProcess info message
2024-05-22 17:11:07,301 simpleExample   WARNING  MainProcess warn message
2024-05-22 17:11:07,301 simpleExample   ERROR    MainProcess error message
2024-05-22 17:11:07,301 simpleExample   CRITICAL MainProcess critical message
2024-05-22 17:11:12,301 simpleExample   DEBUG    MainProcess debug message
2024-05-22 17:11:12,301 simpleExample   INFO     MainProcess info message
2024-05-22 17:11:12,301 simpleExample   WARNING  MainProcess warn message
2024-05-22 17:11:12,301 simpleExample   ERROR    MainProcess error message
2024-05-22 17:11:12,301 simpleExample   CRITICAL MainProcess critical message
2024-05-22 17:11:17,302 simpleExample   DEBUG    MainProcess debug message
2024-05-22 17:11:17,302 simpleExample   INFO     MainProcess info message
2024-05-22 17:11:17,302 simpleExample   WARNING  MainProcess warn message
2024-05-22 17:11:17,302 simpleExample   ERROR    MainProcess error message
2024-05-22 17:11:17,302 simpleExample   CRITICAL MainProcess critical message
2024-05-22 17:11:22,302 simpleExample   DEBUG    MainProcess debug message
2024-05-22 17:11:22,302 simpleExample   INFO     MainProcess info message
2024-05-22 17:11:22,302 simpleExample   WARNING  MainProcess warn message
2024-05-22 17:11:22,302 simpleExample   ERROR    MainProcess error message
2024-05-22 17:11:22,303 simpleExample   CRITICAL MainProcess critical message
2024-05-22 17:11:27,303 simpleExample   DEBUG    MainProcess debug message
2024-05-22 17:11:27,303 simpleExample   INFO     MainProcess info message
2024-05-22 17:11:27,303 simpleExample   WARNING  MainProcess warn message
2024-05-22 17:11:27,303 simpleExample   ERROR    MainProcess error message
2024-05-22 17:11:27,303 simpleExample   CRITICAL MainProcess critical message
2024-05-22 17:11:32,304 simpleExample   DEBUG    MainProcess debug message
2024-05-22 17:11:32,304 simpleExample   INFO     MainProcess info message
2024-05-22 17:11:32,304 simpleExample   WARNING  MainProcess warn message
2024-05-22 17:11:32,304 simpleExample   ERROR    MainProcess error message
2024-05-22 17:11:32,304 simpleExample   CRITICAL MainProcess critical message
2024-05-22 17:11:37,305 simpleExample   DEBUG    MainProcess debug message
2024-05-22 17:11:37,305 simpleExample   INFO     MainProcess info message
2024-05-22 17:11:37,305 simpleExample   WARNING  MainProcess warn message
2024-05-22 17:11:37,305 simpleExample   ERROR    MainProcess error message
2024-05-22 17:11:37,305 simpleExample   CRITICAL MainProcess critical message
2024-05-22 17:11:42,305 simpleExample   DEBUG    MainProcess debug message
2024-05-22 17:11:42,306 simpleExample   INFO     MainProcess info message
2024-05-22 17:11:42,306 simpleExample   WARNING  MainProcess warn message
2024-05-22 17:11:42,306 simpleExample   ERROR    MainProcess error message
2024-05-22 17:11:42,306 simpleExample   CRITICAL MainProcess critical message
2024-05-22 17:11:47,306 simpleExample   DEBUG    MainProcess debug message
2024-05-22 17:11:47,306 simpleExample   INFO     MainProcess info message
2024-05-22 17:11:47,306 simpleExample   WARNING  MainProcess warn message
2024-05-22 17:11:47,306 simpleExample   ERROR    MainProcess error message
2024-05-22 17:11:47,307 simpleExample   CRITICAL MainProcess critical message
2024-05-22 17:11:52,307 simpleExample   DEBUG    MainProcess debug message
2024-05-22 17:11:52,307 simpleExample   INFO     MainProcess info message
2024-05-22 17:11:52,307 simpleExample   WARNING  MainProcess warn message
2024-05-22 17:11:52,307 simpleExample   ERROR    MainProcess error message
2024-05-22 17:11:52,307 simpleExample   CRITICAL MainProcess critical message
2024-05-22 17:11:57,307 simpleExample   DEBUG    MainProcess debug message
2024-05-22 17:11:57,307 simpleExample   INFO     MainProcess info message
2024-05-22 17:11:57,308 simpleExample   WARNING  MainProcess warn message
2024-05-22 17:11:57,308 simpleExample   ERROR    MainProcess error message
2024-05-22 17:11:57,308 simpleExample   CRITICAL MainProcess critical message
2024-05-22 17:12:02,308 simpleExample   DEBUG    MainProcess debug message
2024-05-22 17:12:02,308 simpleExample   INFO     MainProcess info message
2024-05-22 17:12:02,308 simpleExample   WARNING  MainProcess warn message
2024-05-22 17:12:02,308 simpleExample   ERROR    MainProcess error message
2024-05-22 17:12:02,308 simpleExample   CRITICAL MainProcess critical message
2024-05-22 17:12:07,308 simpleExample   DEBUG    MainProcess debug message
2024-05-22 17:12:07,309 simpleExample   INFO     MainProcess info message
2024-05-22 17:12:07,309 simpleExample   WARNING  MainProcess warn message
2024-05-22 17:12:07,309 simpleExample   ERROR    MainProcess error message
2024-05-22 17:12:07,309 simpleExample   CRITICAL MainProcess critical message
2024-05-22 17:12:12,309 simpleExample   DEBUG    MainProcess debug message
2024-05-22 17:12:12,309 simpleExample   INFO     MainProcess info message
2024-05-22 17:12:12,310 simpleExample   WARNING  MainProcess warn message
2024-05-22 17:12:12,310 simpleExample   ERROR    MainProcess error message
2024-05-22 17:12:12,310 simpleExample   CRITICAL MainProcess critical message
2024-05-22 17:12:17,310 simpleExample   DEBUG    MainProcess debug message
2024-05-22 17:12:17,311 simpleExample   INFO     MainProcess info message
2024-05-22 17:12:17,311 simpleExample   WARNING  MainProcess warn message
2024-05-22 17:12:17,311 simpleExample   ERROR    MainProcess error message
2024-05-22 17:12:17,311 simpleExample   CRITICAL MainProcess critical message
2024-05-22 17:12:22,311 simpleExample   DEBUG    MainProcess debug message
2024-05-22 17:12:22,311 simpleExample   INFO     MainProcess info message
2024-05-22 17:12:22,312 simpleExample   WARNING  MainProcess warn message
2024-05-22 17:12:22,312 simpleExample   ERROR    MainProcess error message
2024-05-22 17:12:22,312 simpleExample   CRITICAL MainProcess critical message
2024-05-22 17:12:27,312 simpleExample   DEBUG    MainProcess debug message
2024-05-22 17:12:27,312 simpleExample   INFO     MainProcess info message
2024-05-22 17:12:27,312 simpleExample   WARNING  MainProcess warn message
2024-05-22 17:12:27,313 simpleExample   ERROR    MainProcess error message
2024-05-22 17:12:27,313 simpleExample   CRITICAL MainProcess critical message
2024-05-22 17:12:32,313 simpleExample   DEBUG    MainProcess debug message
2024-05-22 17:12:32,313 simpleExample   INFO     MainProcess info message
2024-05-22 17:12:32,313 simpleExample   WARNING  MainProcess warn message
2024-05-22 17:12:32,313 simpleExample   ERROR    MainProcess error message
2024-05-22 17:12:32,313 simpleExample   CRITICAL MainProcess critical message
2024-05-22 17:12:37,314 simpleExample   DEBUG    MainProcess debug message
2024-05-22 17:12:37,314 simpleExample   INFO     MainProcess info message
2024-05-22 17:12:37,314 simpleExample   WARNING  MainProcess warn message
2024-05-22 17:12:37,314 simpleExample   ERROR    MainProcess error message
2024-05-22 17:12:37,314 simpleExample   CRITICAL MainProcess critical message
2024-05-22 17:12:42,314 simpleExample   DEBUG    MainProcess debug message
2024-05-22 17:12:42,314 simpleExample   INFO     MainProcess info message
2024-05-22 17:12:42,315 simpleExample   WARNING  MainProcess warn message
2024-05-22 17:12:42,315 simpleExample   ERROR    MainProcess error message
2024-05-22 17:12:42,315 simpleExample   CRITICAL MainProcess critical message
2024-05-22 17:12:47,315 simpleExample   DEBUG    MainProcess debug message
2024-05-22 17:12:47,315 simpleExample   INFO     MainProcess info message
2024-05-22 17:12:47,315 simpleExample   WARNING  MainProcess warn message
2024-05-22 17:12:47,315 simpleExample   ERROR    MainProcess error message
2024-05-22 17:12:47,315 simpleExample   CRITICAL MainProcess critical message
2024-05-22 17:12:52,315 simpleExample   DEBUG    MainProcess debug message
2024-05-22 17:12:52,316 simpleExample   INFO     MainProcess info message
2024-05-22 17:12:52,316 simpleExample   WARNING  MainProcess warn message
2024-05-22 17:12:52,316 simpleExample   ERROR    MainProcess error message
2024-05-22 17:12:52,316 simpleExample   CRITICAL MainProcess critical message
2024-05-22 17:12:57,316 simpleExample   DEBUG    MainProcess debug message
2024-05-22 17:12:57,316 simpleExample   INFO     MainProcess info message
2024-05-22 17:12:57,316 simpleExample   WARNING  MainProcess warn message
2024-05-22 17:12:57,316 simpleExample   ERROR    MainProcess error message
2024-05-22 17:12:57,317 simpleExample   CRITICAL MainProcess critical message
2024-05-22 17:13:02,317 simpleExample   DEBUG    MainProcess debug message
2024-05-22 17:13:02,317 simpleExample   INFO     MainProcess info message
2024-05-22 17:13:02,317 simpleExample   WARNING  MainProcess warn message
2024-05-22 17:13:02,317 simpleExample   ERROR    MainProcess error message
2024-05-22 17:13:02,317 simpleExample   CRITICAL MainProcess critical message
2024-05-22 17:13:07,317 simpleExample   DEBUG    MainProcess debug message
2024-05-22 17:13:07,318 simpleExample   INFO     MainProcess info message
2024-05-22 17:13:07,318 simpleExample   WARNING  MainProcess warn message
2024-05-22 17:13:07,318 simpleExample   ERROR    MainProcess error message
2024-05-22 17:13:07,318 simpleExample   CRITICAL MainProcess critical message
2024-05-22 17:13:12,318 simpleExample   DEBUG    MainProcess debug message
2024-05-22 17:13:12,318 simpleExample   INFO     MainProcess info message
2024-05-22 17:13:12,319 simpleExample   WARNING  MainProcess warn message
2024-05-22 17:13:12,319 simpleExample   ERROR    MainProcess error message
2024-05-22 17:13:12,319 simpleExample   CRITICAL MainProcess critical message
2024-05-22 17:13:17,319 simpleExample   DEBUG    MainProcess debug message
2024-05-22 17:13:17,320 simpleExample   INFO     MainProcess info message
2024-05-22 17:13:17,320 simpleExample   WARNING  MainProcess warn message
2024-05-22 17:13:17,320 simpleExample   ERROR    MainProcess error message
2024-05-22 17:13:17,320 simpleExample   CRITICAL MainProcess critical message
2024-05-22 17:13:22,320 simpleExample   DEBUG    MainProcess debug message
2024-05-22 17:13:22,320 simpleExample   INFO     MainProcess info message
2024-05-22 17:13:22,321 simpleExample   WARNING  MainProcess warn message
2024-05-22 17:13:22,321 simpleExample   ERROR    MainProcess error message
2024-05-22 17:13:22,321 simpleExample   CRITICAL MainProcess critical message
2024-05-22 17:13:27,321 simpleExample   DEBUG    MainProcess debug message
2024-05-22 17:13:27,322 simpleExample   INFO     MainProcess info message
2024-05-22 17:13:27,322 simpleExample   WARNING  MainProcess warn message
2024-05-22 17:13:27,322 simpleExample   ERROR    MainProcess error message
2024-05-22 17:13:27,322 simpleExample   CRITICAL MainProcess critical message
2024-05-22 17:13:32,322 simpleExample   DEBUG    MainProcess debug message
2024-05-22 17:13:32,322 simpleExample   INFO     MainProcess info message
2024-05-22 17:13:32,323 simpleExample   WARNING  MainProcess warn message
2024-05-22 17:13:32,323 simpleExample   ERROR    MainProcess error message
2024-05-22 17:13:32,323 simpleExample   CRITICAL MainProcess critical message
2024-05-22 17:13:37,323 simpleExample   DEBUG    MainProcess debug message
2024-05-22 17:13:37,323 simpleExample   INFO     MainProcess info message
2024-05-22 17:13:37,324 simpleExample   WARNING  MainProcess warn message
2024-05-22 17:13:37,324 simpleExample   ERROR    MainProcess error message
2024-05-22 17:13:37,324 simpleExample   CRITICAL MainProcess critical message
2024-05-22 17:13:42,324 simpleExample   DEBUG    MainProcess debug message
2024-05-22 17:13:42,325 simpleExample   INFO     MainProcess info message
2024-05-22 17:13:42,325 simpleExample   WARNING  MainProcess warn message
2024-05-22 17:13:42,325 simpleExample   ERROR    MainProcess error message
2024-05-22 17:13:42,325 simpleExample   CRITICAL MainProcess critical message
2024-05-22 17:13:47,325 simpleExample   DEBUG    MainProcess debug message
2024-05-22 17:13:47,325 simpleExample   INFO     MainProcess info message
2024-05-22 17:13:47,325 simpleExample   WARNING  MainProcess warn message
2024-05-22 17:13:47,325 simpleExample   ERROR    MainProcess error message
2024-05-22 17:13:47,325 simpleExample   CRITICAL MainProcess critical message
2024-05-22 17:13:52,326 simpleExample   DEBUG    MainProcess debug message
2024-05-22 17:13:52,326 simpleExample   INFO     MainProcess info message
2024-05-22 17:13:52,326 simpleExample   WARNING  MainProcess warn message
2024-05-22 17:13:52,326 simpleExample   ERROR    MainProcess error message
2024-05-22 17:13:52,326 simpleExample   CRITICAL MainProcess critical message
2024-05-22 17:13:57,326 simpleExample   DEBUG    MainProcess debug message
2024-05-22 17:13:57,327 simpleExample   INFO     MainProcess info message
2024-05-22 17:13:57,327 simpleExample   WARNING  MainProcess warn message
2024-05-22 17:13:57,327 simpleExample   ERROR    MainProcess error message
2024-05-22 17:13:57,327 simpleExample   CRITICAL MainProcess critical message
2024-05-22 17:14:02,327 simpleExample   DEBUG    MainProcess debug message
2024-05-22 17:14:02,327 simpleExample   INFO     MainProcess info message
2024-05-22 17:14:02,327 simpleExample   WARNING  MainProcess warn message
2024-05-22 17:14:02,327 simpleExample   ERROR    MainProcess error message
2024-05-22 17:14:02,328 simpleExample   CRITICAL MainProcess critical message
2024-05-22 17:14:07,328 simpleExample   DEBUG    MainProcess debug message
2024-05-22 17:14:07,328 simpleExample   INFO     MainProcess info message
2024-05-22 17:14:07,328 simpleExample   WARNING  MainProcess warn message
2024-05-22 17:14:07,328 simpleExample   ERROR    MainProcess error message
2024-05-22 17:14:07,328 simpleExample   CRITICAL MainProcess critical message
2024-05-22 17:14:12,328 simpleExample   DEBUG    MainProcess debug message
2024-05-22 17:14:12,329 simpleExample   INFO     MainProcess info message
2024-05-22 17:14:12,329 simpleExample   WARNING  MainProcess warn message
2024-05-22 17:14:12,329 simpleExample   ERROR    MainProcess error message
2024-05-22 17:14:12,329 simpleExample   CRITICAL MainProcess critical message
2024-05-22 17:14:17,329 simpleExample   DEBUG    MainProcess debug message
2024-05-22 17:14:17,330 simpleExample   INFO     MainProcess info message
2024-05-22 17:14:17,330 simpleExample   WARNING  MainProcess warn message
2024-05-22 17:14:17,330 simpleExample   ERROR    MainProcess error message
2024-05-22 17:14:17,330 simpleExample   CRITICAL MainProcess critical message
2024-05-22 17:14:22,330 simpleExample   DEBUG    MainProcess debug message
2024-05-22 17:14:22,330 simpleExample   INFO     MainProcess info message
2024-05-22 17:14:22,330 simpleExample   WARNING  MainProcess warn message
2024-05-22 17:14:22,331 simpleExample   ERROR    MainProcess error message
2024-05-22 17:14:22,331 simpleExample   CRITICAL MainProcess critical message
2024-05-22 17:14:27,331 simpleExample   DEBUG    MainProcess debug message
2024-05-22 17:14:27,331 simpleExample   INFO     MainProcess info message
2024-05-22 17:14:27,331 simpleExample   WARNING  MainProcess warn message
2024-05-22 17:14:27,331 simpleExample   ERROR    MainProcess error message
2024-05-22 17:14:27,331 simpleExample   CRITICAL MainProcess critical message
2024-05-22 17:14:32,332 simpleExample   DEBUG    MainProcess debug message
2024-05-22 17:14:32,332 simpleExample   INFO     MainProcess info message
2024-05-22 17:14:32,332 simpleExample   WARNING  MainProcess warn message
2024-05-22 17:14:32,332 simpleExample   ERROR    MainProcess error message
2024-05-22 17:14:32,332 simpleExample   CRITICAL MainProcess critical message
2024-05-22 17:14:37,332 simpleExample   DEBUG    MainProcess debug message
2024-05-22 17:14:37,333 simpleExample   INFO     MainProcess info message
2024-05-22 17:14:37,333 simpleExample   WARNING  MainProcess warn message
2024-05-22 17:14:37,333 simpleExample   ERROR    MainProcess error message
2024-05-22 17:14:37,333 simpleExample   CRITICAL MainProcess critical message
2024-05-22 17:14:42,333 simpleExample   DEBUG    MainProcess debug message
2024-05-22 17:14:42,334 simpleExample   INFO     MainProcess info message
2024-05-22 17:14:42,334 simpleExample   WARNING  MainProcess warn message
2024-05-22 17:14:42,334 simpleExample   ERROR    MainProcess error message
2024-05-22 17:14:42,334 simpleExample   CRITICAL MainProcess critical message
2024-05-22 17:14:47,334 simpleExample   DEBUG    MainProcess debug message
2024-05-22 17:14:47,334 simpleExample   INFO     MainProcess info message
2024-05-22 17:14:47,334 simpleExample   WARNING  MainProcess warn message
2024-05-22 17:14:47,335 simpleExample   ERROR    MainProcess error message
2024-05-22 17:14:47,335 simpleExample   CRITICAL MainProcess critical message
2024-05-22 17:14:52,335 simpleExample   DEBUG    MainProcess debug message
2024-05-22 17:14:52,335 simpleExample   INFO     MainProcess info message
2024-05-22 17:14:52,335 simpleExample   WARNING  MainProcess warn message
2024-05-22 17:14:52,335 simpleExample   ERROR    MainProcess error message
2024-05-22 17:14:52,336 simpleExample   CRITICAL MainProcess critical message
2024-05-22 17:14:57,336 simpleExample   DEBUG    MainProcess debug message
2024-05-22 17:14:57,336 simpleExample   INFO     MainProcess info message
2024-05-22 17:14:57,336 simpleExample   WARNING  MainProcess warn message
2024-05-22 17:14:57,336 simpleExample   ERROR    MainProcess error message
2024-05-22 17:14:57,337 simpleExample   CRITICAL MainProcess critical message
2024-05-22 17:15:02,337 simpleExample   DEBUG    MainProcess debug message
2024-05-22 17:15:02,337 simpleExample   INFO     MainProcess info message
2024-05-22 17:15:02,337 simpleExample   WARNING  MainProcess warn message
2024-05-22 17:15:02,337 simpleExample   ERROR    MainProcess error message
2024-05-22 17:15:02,337 simpleExample   CRITICAL MainProcess critical message
2024-05-22 17:15:07,338 simpleExample   DEBUG    MainProcess debug message
2024-05-22 17:15:07,338 simpleExample   INFO     MainProcess info message
2024-05-22 17:15:07,338 simpleExample   WARNING  MainProcess warn message
2024-05-22 17:15:07,338 simpleExample   ERROR    MainProcess error message
2024-05-22 17:15:07,338 simpleExample   CRITICAL MainProcess critical message
2024-05-22 17:15:12,338 simpleExample   DEBUG    MainProcess debug message
2024-05-22 17:15:12,338 simpleExample   INFO     MainProcess info message
2024-05-22 17:15:12,338 simpleExample   WARNING  MainProcess warn message
2024-05-22 17:15:12,339 simpleExample   ERROR    MainProcess error message
2024-05-22 17:15:12,339 simpleExample   CRITICAL MainProcess critical message
2024-05-22 17:15:17,339 simpleExample   DEBUG    MainProcess debug message
2024-05-22 17:15:17,340 simpleExample   INFO     MainProcess info message
2024-05-22 17:15:17,340 simpleExample   WARNING  MainProcess warn message
2024-05-22 17:15:17,340 simpleExample   ERROR    MainProcess error message
2024-05-22 17:15:17,340 simpleExample   CRITICAL MainProcess critical message
2024-05-22 17:15:22,340 simpleExample   DEBUG    MainProcess debug message
2024-05-22 17:15:22,340 simpleExample   INFO     MainProcess info message
2024-05-22 17:15:22,340 simpleExample   WARNING  MainProcess warn message
2024-05-22 17:15:22,340 simpleExample   ERROR    MainProcess error message
2024-05-22 17:15:22,340 simpleExample   CRITICAL MainProcess critical message
2024-05-22 17:15:27,341 simpleExample   DEBUG    MainProcess debug message
2024-05-22 17:15:27,341 simpleExample   INFO     MainProcess info message
2024-05-22 17:15:27,341 simpleExample   WARNING  MainProcess warn message
2024-05-22 17:15:27,341 simpleExample   ERROR    MainProcess error message
2024-05-22 17:15:27,341 simpleExample   CRITICAL MainProcess critical message
2024-05-22 17:15:32,342 simpleExample   DEBUG    MainProcess debug message
2024-05-22 17:15:32,342 simpleExample   INFO     MainProcess info message
2024-05-22 17:15:32,342 simpleExample   WARNING  MainProcess warn message
2024-05-22 17:15:32,342 simpleExample   ERROR    MainProcess error message
2024-05-22 17:15:32,342 simpleExample   CRITICAL MainProcess critical message
2024-05-22 17:15:37,342 simpleExample   DEBUG    MainProcess debug message
2024-05-22 17:15:37,343 simpleExample   INFO     MainProcess info message
2024-05-22 17:15:37,343 simpleExample   WARNING  MainProcess warn message
2024-05-22 17:15:37,343 simpleExample   ERROR    MainProcess error message
2024-05-22 17:15:37,343 simpleExample   CRITICAL MainProcess critical message
2024-05-22 17:15:42,343 simpleExample   DEBUG    MainProcess debug message
2024-05-22 17:15:42,343 simpleExample   INFO     MainProcess info message
2024-05-22 17:15:42,344 simpleExample   WARNING  MainProcess warn message
2024-05-22 17:15:42,344 simpleExample   ERROR    MainProcess error message
2024-05-22 17:15:42,344 simpleExample   CRITICAL MainProcess critical message
2024-05-22 17:15:47,344 simpleExample   DEBUG    MainProcess debug message
2024-05-22 17:15:47,345 simpleExample   INFO     MainProcess info message
2024-05-22 17:15:47,345 simpleExample   WARNING  MainProcess warn message
2024-05-22 17:15:47,345 simpleExample   ERROR    MainProcess error message
2024-05-22 17:15:47,345 simpleExample   CRITICAL MainProcess critical message
2024-05-22 17:15:52,345 simpleExample   DEBUG    MainProcess debug message
2024-05-22 17:15:52,345 simpleExample   INFO     MainProcess info message
2024-05-22 17:15:52,345 simpleExample   WARNING  MainProcess warn message
2024-05-22 17:15:52,346 simpleExample   ERROR    MainProcess error message
2024-05-22 17:15:52,346 simpleExample   CRITICAL MainProcess critical message
2024-05-22 17:15:57,346 simpleExample   DEBUG    MainProcess debug message
2024-05-22 17:15:57,346 simpleExample   INFO     MainProcess info message
2024-05-22 17:15:57,346 simpleExample   WARNING  MainProcess warn message
2024-05-22 17:15:57,346 simpleExample   ERROR    MainProcess error message
2024-05-22 17:15:57,346 simpleExample   CRITICAL MainProcess critical message
